Server running on port 6371
node:events:491
      throw er; // Unhandled 'error' event
      ^

Error: listen EADDRINUSE: address already in use :::6371
    at Server.setupListenHandle [as _listen2] (node:net:1463:16)
    at listenInCluster (node:net:1511:12)
    at Server.listen (node:net:1599:7)
    at Function.listen (/nfs/stak/users/geigerta/public_html/group_71_project/node_modules/express/lib/application.js:635:24)
    at Object.<anonymous> (/nfs/stak/users/geigerta/public_html/group_71_project/server.js:101:5)
    at Module._compile (node:internal/modules/cjs/loader:1198:14)
    at Object.Module._extensions..js (node:internal/modules/cjs/loader:1252:10)
    at Module.load (node:internal/modules/cjs/loader:1076:32)
    at Function.Module._load (node:internal/modules/cjs/loader:911:12)
    at Function.executeUserEntryPoint [as runMain] (node:internal/modules/run_main:81:12)
Emitted 'error' event on Server instance at:
    at emitErrorNT (node:net:1490:8)
    at processTicksAndRejections (node:internal/process/task_queues:83:21) {
  code: 'EADDRINUSE',
  errno: -98,
  syscall: 'listen',
  address: '::',
  port: 6371
}
Server running on port 5671
Server running on port 5671
Error: Failed to lookup view "bookgenres" in views directory "/nfs/stak/users/geigerta/group_71_project/views"
    at Function.render (/nfs/stak/users/geigerta/group_71_project/node_modules/express/lib/application.js:597:17)
    at ServerResponse.render (/nfs/stak/users/geigerta/group_71_project/node_modules/express/lib/response.js:1049:7)
    at /nfs/stak/users/geigerta/group_71_project/server.js:93:13
    at Layer.handle [as handle_request] (/nfs/stak/users/geigerta/group_71_project/node_modules/express/lib/router/layer.js:95:5)
    at next (/nfs/stak/users/geigerta/group_71_project/node_modules/express/lib/router/route.js:149:13)
    at Route.dispatch (/nfs/stak/users/geigerta/group_71_project/node_modules/express/lib/router/route.js:119:3)
    at Layer.handle [as handle_request] (/nfs/stak/users/geigerta/group_71_project/node_modules/express/lib/router/layer.js:95:5)
    at /nfs/stak/users/geigerta/group_71_project/node_modules/express/lib/router/index.js:284:15
    at Function.process_params (/nfs/stak/users/geigerta/group_71_project/node_modules/express/lib/router/index.js:346:12)
    at next (/nfs/stak/users/geigerta/group_71_project/node_modules/express/lib/router/index.js:280:10)
Error: Failed to lookup view "bookgenres" in views directory "/nfs/stak/users/geigerta/group_71_project/views"
    at Function.render (/nfs/stak/users/geigerta/group_71_project/node_modules/express/lib/application.js:597:17)
    at ServerResponse.render (/nfs/stak/users/geigerta/group_71_project/node_modules/express/lib/response.js:1049:7)
    at /nfs/stak/users/geigerta/group_71_project/server.js:93:13
    at Layer.handle [as handle_request] (/nfs/stak/users/geigerta/group_71_project/node_modules/express/lib/router/layer.js:95:5)
    at next (/nfs/stak/users/geigerta/group_71_project/node_modules/express/lib/router/route.js:149:13)
    at Route.dispatch (/nfs/stak/users/geigerta/group_71_project/node_modules/express/lib/router/route.js:119:3)
    at Layer.handle [as handle_request] (/nfs/stak/users/geigerta/group_71_project/node_modules/express/lib/router/layer.js:95:5)
    at /nfs/stak/users/geigerta/group_71_project/node_modules/express/lib/router/index.js:284:15
    at Function.process_params (/nfs/stak/users/geigerta/group_71_project/node_modules/express/lib/router/index.js:346:12)
    at next (/nfs/stak/users/geigerta/group_71_project/node_modules/express/lib/router/index.js:280:10)
node:events:491
      throw er; // Unhandled 'error' event
      ^

Error: listen EADDRINUSE: address already in use :::5671
    at Server.setupListenHandle [as _listen2] (node:net:1463:16)
    at listenInCluster (node:net:1511:12)
    at Server.listen (node:net:1599:7)
    at Function.listen (/nfs/stak/users/geigerta/group_71_project/node_modules/express/lib/application.js:635:24)
    at Object.<anonymous> (/nfs/stak/users/geigerta/group_71_project/server.js:101:5)
    at Module._compile (node:internal/modules/cjs/loader:1198:14)
    at Object.Module._extensions..js (node:internal/modules/cjs/loader:1252:10)
    at Module.load (node:internal/modules/cjs/loader:1076:32)
    at Function.Module._load (node:internal/modules/cjs/loader:911:12)
    at Function.executeUserEntryPoint [as runMain] (node:internal/modules/run_main:81:12)
Emitted 'error' event on Server instance at:
    at emitErrorNT (node:net:1490:8)
    at processTicksAndRejections (node:internal/process/task_queues:83:21) {
  code: 'EADDRINUSE',
  errno: -98,
  syscall: 'listen',
  address: '::',
  port: 5671
}
node:events:491
      throw er; // Unhandled 'error' event
      ^

Error: listen EADDRINUSE: address already in use :::5671
    at Server.setupListenHandle [as _listen2] (node:net:1463:16)
    at listenInCluster (node:net:1511:12)
    at Server.listen (node:net:1599:7)
    at Function.listen (/nfs/stak/users/geigerta/group_71_project/node_modules/express/lib/application.js:635:24)
    at Object.<anonymous> (/nfs/stak/users/geigerta/group_71_project/server.js:107:5)
    at Module._compile (node:internal/modules/cjs/loader:1198:14)
    at Object.Module._extensions..js (node:internal/modules/cjs/loader:1252:10)
    at Module.load (node:internal/modules/cjs/loader:1076:32)
    at Function.Module._load (node:internal/modules/cjs/loader:911:12)
    at Function.executeUserEntryPoint [as runMain] (node:internal/modules/run_main:81:12)
Emitted 'error' event on Server instance at:
    at emitErrorNT (node:net:1490:8)
    at processTicksAndRejections (node:internal/process/task_queues:83:21) {
  code: 'EADDRINUSE',
  errno: -98,
  syscall: 'listen',
  address: '::',
  port: 5671
}
TypeError: options.inverse is not a function
    at Object.<anonymous> (/nfs/stak/users/geigerta/group_71_project/server.js:71:46)
    at Object.wrapper (/nfs/stak/users/geigerta/group_71_project/node_modules/handlebars/dist/cjs/handlebars/internal/wrapHelper.js:15:19)
    at eval (eval at createFunctionContext (/nfs/stak/users/geigerta/group_71_project/node_modules/handlebars/dist/cjs/handlebars/compiler/javascript-compiler.js:262:23), <anonymous>:15:149)
    at prog (/nfs/stak/users/geigerta/group_71_project/node_modules/handlebars/dist/cjs/handlebars/runtime.js:268:12)
    at execIteration (/nfs/stak/users/geigerta/group_71_project/node_modules/handlebars/dist/cjs/handlebars/helpers/each.js:51:19)
    at Object.<anonymous> (/nfs/stak/users/geigerta/group_71_project/node_modules/handlebars/dist/cjs/handlebars/helpers/each.js:61:13)
    at Object.wrapper (/nfs/stak/users/geigerta/group_71_project/node_modules/handlebars/dist/cjs/handlebars/internal/wrapHelper.js:15:19)
    at Object.eval [as main] (eval at createFunctionContext (/nfs/stak/users/geigerta/group_71_project/node_modules/handlebars/dist/cjs/handlebars/compiler/javascript-compiler.js:262:23), <anonymous>:11:49)
    at main (/nfs/stak/users/geigerta/group_71_project/node_modules/handlebars/dist/cjs/handlebars/runtime.js:208:32)
    at ret (/nfs/stak/users/geigerta/group_71_project/node_modules/handlebars/dist/cjs/handlebars/runtime.js:212:12)
TypeError: options.inverse is not a function
    at Object.<anonymous> (/nfs/stak/users/geigerta/group_71_project/server.js:71:46)
    at Object.wrapper (/nfs/stak/users/geigerta/group_71_project/node_modules/handlebars/dist/cjs/handlebars/internal/wrapHelper.js:15:19)
    at eval (eval at createFunctionContext (/nfs/stak/users/geigerta/group_71_project/node_modules/handlebars/dist/cjs/handlebars/compiler/javascript-compiler.js:262:23), <anonymous>:15:149)
    at prog (/nfs/stak/users/geigerta/group_71_project/node_modules/handlebars/dist/cjs/handlebars/runtime.js:268:12)
    at execIteration (/nfs/stak/users/geigerta/group_71_project/node_modules/handlebars/dist/cjs/handlebars/helpers/each.js:51:19)
    at Object.<anonymous> (/nfs/stak/users/geigerta/group_71_project/node_modules/handlebars/dist/cjs/handlebars/helpers/each.js:61:13)
    at Object.wrapper (/nfs/stak/users/geigerta/group_71_project/node_modules/handlebars/dist/cjs/handlebars/internal/wrapHelper.js:15:19)
    at Object.eval [as main] (eval at createFunctionContext (/nfs/stak/users/geigerta/group_71_project/node_modules/handlebars/dist/cjs/handlebars/compiler/javascript-compiler.js:262:23), <anonymous>:11:49)
    at main (/nfs/stak/users/geigerta/group_71_project/node_modules/handlebars/dist/cjs/handlebars/runtime.js:208:32)
    at ret (/nfs/stak/users/geigerta/group_71_project/node_modules/handlebars/dist/cjs/handlebars/runtime.js:212:12)
Error: Failed to lookup view "bookgenres" in views directory "/nfs/stak/users/geigerta/group_71_project/views"
    at Function.render (/nfs/stak/users/geigerta/group_71_project/node_modules/express/lib/application.js:597:17)
    at ServerResponse.render (/nfs/stak/users/geigerta/group_71_project/node_modules/express/lib/response.js:1049:7)
    at /nfs/stak/users/geigerta/group_71_project/server.js:93:13
    at Layer.handle [as handle_request] (/nfs/stak/users/geigerta/group_71_project/node_modules/express/lib/router/layer.js:95:5)
    at next (/nfs/stak/users/geigerta/group_71_project/node_modules/express/lib/router/route.js:149:13)
    at Route.dispatch (/nfs/stak/users/geigerta/group_71_project/node_modules/express/lib/router/route.js:119:3)
    at Layer.handle [as handle_request] (/nfs/stak/users/geigerta/group_71_project/node_modules/express/lib/router/layer.js:95:5)
    at /nfs/stak/users/geigerta/group_71_project/node_modules/express/lib/router/index.js:284:15
    at Function.process_params (/nfs/stak/users/geigerta/group_71_project/node_modules/express/lib/router/index.js:346:12)
    at next (/nfs/stak/users/geigerta/group_71_project/node_modules/express/lib/router/index.js:280:10)
TypeError: options.inverse is not a function
    at Object.<anonymous> (/nfs/stak/users/geigerta/group_71_project/server.js:71:46)
    at Object.wrapper (/nfs/stak/users/geigerta/group_71_project/node_modules/handlebars/dist/cjs/handlebars/internal/wrapHelper.js:15:19)
    at eval (eval at createFunctionContext (/nfs/stak/users/geigerta/group_71_project/node_modules/handlebars/dist/cjs/handlebars/compiler/javascript-compiler.js:262:23), <anonymous>:15:149)
    at prog (/nfs/stak/users/geigerta/group_71_project/node_modules/handlebars/dist/cjs/handlebars/runtime.js:268:12)
    at execIteration (/nfs/stak/users/geigerta/group_71_project/node_modules/handlebars/dist/cjs/handlebars/helpers/each.js:51:19)
    at Object.<anonymous> (/nfs/stak/users/geigerta/group_71_project/node_modules/handlebars/dist/cjs/handlebars/helpers/each.js:61:13)
    at Object.wrapper (/nfs/stak/users/geigerta/group_71_project/node_modules/handlebars/dist/cjs/handlebars/internal/wrapHelper.js:15:19)
    at Object.eval [as main] (eval at createFunctionContext (/nfs/stak/users/geigerta/group_71_project/node_modules/handlebars/dist/cjs/handlebars/compiler/javascript-compiler.js:262:23), <anonymous>:11:49)
    at main (/nfs/stak/users/geigerta/group_71_project/node_modules/handlebars/dist/cjs/handlebars/runtime.js:208:32)
    at ret (/nfs/stak/users/geigerta/group_71_project/node_modules/handlebars/dist/cjs/handlebars/runtime.js:212:12)
Error: Failed to lookup view "bookgenres" in views directory "/nfs/stak/users/geigerta/group_71_project/views"
    at Function.render (/nfs/stak/users/geigerta/group_71_project/node_modules/express/lib/application.js:597:17)
    at ServerResponse.render (/nfs/stak/users/geigerta/group_71_project/node_modules/express/lib/response.js:1049:7)
    at /nfs/stak/users/geigerta/group_71_project/server.js:93:13
    at Layer.handle [as handle_request] (/nfs/stak/users/geigerta/group_71_project/node_modules/express/lib/router/layer.js:95:5)
    at next (/nfs/stak/users/geigerta/group_71_project/node_modules/express/lib/router/route.js:149:13)
    at Route.dispatch (/nfs/stak/users/geigerta/group_71_project/node_modules/express/lib/router/route.js:119:3)
    at Layer.handle [as handle_request] (/nfs/stak/users/geigerta/group_71_project/node_modules/express/lib/router/layer.js:95:5)
    at /nfs/stak/users/geigerta/group_71_project/node_modules/express/lib/router/index.js:284:15
    at Function.process_params (/nfs/stak/users/geigerta/group_71_project/node_modules/express/lib/router/index.js:346:12)
    at next (/nfs/stak/users/geigerta/group_71_project/node_modules/express/lib/router/index.js:280:10)
Error: Failed to lookup view "bookgenres" in views directory "/nfs/stak/users/geigerta/group_71_project/views"
    at Function.render (/nfs/stak/users/geigerta/group_71_project/node_modules/express/lib/application.js:597:17)
    at ServerResponse.render (/nfs/stak/users/geigerta/group_71_project/node_modules/express/lib/response.js:1049:7)
    at /nfs/stak/users/geigerta/group_71_project/server.js:93:13
    at Layer.handle [as handle_request] (/nfs/stak/users/geigerta/group_71_project/node_modules/express/lib/router/layer.js:95:5)
    at next (/nfs/stak/users/geigerta/group_71_project/node_modules/express/lib/router/route.js:149:13)
    at Route.dispatch (/nfs/stak/users/geigerta/group_71_project/node_modules/express/lib/router/route.js:119:3)
    at Layer.handle [as handle_request] (/nfs/stak/users/geigerta/group_71_project/node_modules/express/lib/router/layer.js:95:5)
    at /nfs/stak/users/geigerta/group_71_project/node_modules/express/lib/router/index.js:284:15
    at Function.process_params (/nfs/stak/users/geigerta/group_71_project/node_modules/express/lib/router/index.js:346:12)
    at next (/nfs/stak/users/geigerta/group_71_project/node_modules/express/lib/router/index.js:280:10)
node:events:491
      throw er; // Unhandled 'error' event
      ^

Error: listen EADDRINUSE: address already in use :::5671
    at Server.setupListenHandle [as _listen2] (node:net:1463:16)
    at listenInCluster (node:net:1511:12)
    at Server.listen (node:net:1599:7)
    at Function.listen (/nfs/stak/users/geigerta/group_71_project/node_modules/express/lib/application.js:635:24)
    at Object.<anonymous> (/nfs/stak/users/geigerta/group_71_project/server.js:109:5)
    at Module._compile (node:internal/modules/cjs/loader:1198:14)
    at Object.Module._extensions..js (node:internal/modules/cjs/loader:1252:10)
    at Module.load (node:internal/modules/cjs/loader:1076:32)
    at Function.Module._load (node:internal/modules/cjs/loader:911:12)
    at Function.executeUserEntryPoint [as runMain] (node:internal/modules/run_main:81:12)
Emitted 'error' event on Server instance at:
    at emitErrorNT (node:net:1490:8)
    at processTicksAndRejections (node:internal/process/task_queues:83:21) {
  code: 'EADDRINUSE',
  errno: -98,
  syscall: 'listen',
  address: '::',
  port: 5671
}
Error: Failed to lookup view "bookgenres" in views directory "/nfs/stak/users/geigerta/group_71_project/views"
    at Function.render (/nfs/stak/users/geigerta/group_71_project/node_modules/express/lib/application.js:597:17)
    at ServerResponse.render (/nfs/stak/users/geigerta/group_71_project/node_modules/express/lib/response.js:1049:7)
    at /nfs/stak/users/geigerta/group_71_project/server.js:93:13
    at Layer.handle [as handle_request] (/nfs/stak/users/geigerta/group_71_project/node_modules/express/lib/router/layer.js:95:5)
    at next (/nfs/stak/users/geigerta/group_71_project/node_modules/express/lib/router/route.js:149:13)
    at Route.dispatch (/nfs/stak/users/geigerta/group_71_project/node_modules/express/lib/router/route.js:119:3)
    at Layer.handle [as handle_request] (/nfs/stak/users/geigerta/group_71_project/node_modules/express/lib/router/layer.js:95:5)
    at /nfs/stak/users/geigerta/group_71_project/node_modules/express/lib/router/index.js:284:15
    at Function.process_params (/nfs/stak/users/geigerta/group_71_project/node_modules/express/lib/router/index.js:346:12)
    at next (/nfs/stak/users/geigerta/group_71_project/node_modules/express/lib/router/index.js:280:10)
node:events:491
      throw er; // Unhandled 'error' event
      ^

Error: listen EADDRINUSE: address already in use :::5671
    at Server.setupListenHandle [as _listen2] (node:net:1463:16)
    at listenInCluster (node:net:1511:12)
    at Server.listen (node:net:1599:7)
    at Function.listen (/nfs/stak/users/geigerta/group_71_project/node_modules/express/lib/application.js:635:24)
    at Object.<anonymous> (/nfs/stak/users/geigerta/group_71_project/server.js:109:5)
    at Module._compile (node:internal/modules/cjs/loader:1198:14)
    at Object.Module._extensions..js (node:internal/modules/cjs/loader:1252:10)
    at Module.load (node:internal/modules/cjs/loader:1076:32)
    at Function.Module._load (node:internal/modules/cjs/loader:911:12)
    at Function.executeUserEntryPoint [as runMain] (node:internal/modules/run_main:81:12)
Emitted 'error' event on Server instance at:
    at emitErrorNT (node:net:1490:8)
    at processTicksAndRejections (node:internal/process/task_queues:83:21) {
  code: 'EADDRINUSE',
  errno: -98,
  syscall: 'listen',
  address: '::',
  port: 5671
}
Server running on port 5671
Error: Failed to lookup view "bookgenres" in views directory "/nfs/stak/users/geigerta/group_71_project/views"
    at Function.render (/nfs/stak/users/geigerta/group_71_project/node_modules/express/lib/application.js:597:17)
    at ServerResponse.render (/nfs/stak/users/geigerta/group_71_project/node_modules/express/lib/response.js:1049:7)
    at /nfs/stak/users/geigerta/group_71_project/server.js:101:13
    at Layer.handle [as handle_request] (/nfs/stak/users/geigerta/group_71_project/node_modules/express/lib/router/layer.js:95:5)
    at next (/nfs/stak/users/geigerta/group_71_project/node_modules/express/lib/router/route.js:149:13)
    at Route.dispatch (/nfs/stak/users/geigerta/group_71_project/node_modules/express/lib/router/route.js:119:3)
    at Layer.handle [as handle_request] (/nfs/stak/users/geigerta/group_71_project/node_modules/express/lib/router/layer.js:95:5)
    at /nfs/stak/users/geigerta/group_71_project/node_modules/express/lib/router/index.js:284:15
    at Function.process_params (/nfs/stak/users/geigerta/group_71_project/node_modules/express/lib/router/index.js:346:12)
    at next (/nfs/stak/users/geigerta/group_71_project/node_modules/express/lib/router/index.js:280:10)
